<?xml version="1.0" encoding="utf-8"?><testsuites name="pytest tests"><testsuite name="pytest" errors="0" failures="0" skipped="0" tests="19" time="5.045" timestamp="2026-03-14T21:10:54.189245+00:00" hostname="agent-env-d934de1b-a7a6-49a8-bea5-6d4e33dd59db"><testcase classname="backend.tests.test_iteration4_issues.TestRenameImageAndFolder" name="test_rename_source_image" time="0.367" /><testcase classname="backend.tests.test_iteration4_issues.TestRenameImageAndFolder" name="test_rename_folder" time="0.204" /><testcase classname="backend.tests.test_iteration4_issues.TestRenameImageAndFolder" name="test_rename_nonexistent_image_returns_404" time="0.053" /><testcase classname="backend.tests.test_iteration4_issues.TestRenameImageAndFolder" name="test_rename_nonexistent_folder_returns_404" time="0.048" /><testcase classname="backend.tests.test_iteration4_issues.TestSingleItemDelete" name="test_delete_source_screenshot" time="0.214" /><testcase classname="backend.tests.test_iteration4_issues.TestSingleItemDelete" name="test_delete_single_folder" time="0.155" /><testcase classname="backend.tests.test_iteration4_issues.TestBulkDeleteMultiple" name="test_bulk_delete_multiple_images" time="0.459" /><testcase classname="backend.tests.test_iteration4_issues.TestBulkDeleteMultiple" name="test_bulk_delete_mixed_images_and_folders" time="0.513" /><testcase classname="backend.tests.test_iteration4_issues.TestCreateFolderThenDelete" name="test_create_empty_folder_and_delete" time="0.195" /><testcase classname="backend.tests.test_iteration4_issues.TestCreateFolderThenDelete" name="test_create_empty_folder_and_bulk_delete" time="0.150" /><testcase classname="backend.tests.test_iteration4_issues.TestPanelFolderOperations" name="test_rename_panel_image" time="0.260" /><testcase classname="backend.tests.test_iteration4_issues.TestPanelFolderOperations" name="test_delete_panels_from_folder" time="0.250" /><testcase classname="backend.tests.test_iteration4_issues.TestPanelFolderOperations" name="test_rename_folder_via_patch" time="0.252" /><testcase classname="backend.tests.test_iteration4_issues.TestPanelFolderOperations" name="test_delete_panel_folder_with_cascade" time="0.337" /><testcase classname="backend.tests.test_iteration4_issues.TestCopyToSpecificFolder" name="test_copy_source_image_to_specific_folder" time="0.309" /><testcase classname="backend.tests.test_iteration4_issues.TestCopyToSpecificFolder" name="test_copy_source_image_default_no_folder" time="0.220" /><testcase classname="backend.tests.test_iteration4_issues.TestCopyToSpecificFolder" name="test_copy_panel_between_folders" time="0.545" /><testcase classname="backend.tests.test_iteration4_issues.TestCopyToSpecificFolder" name="test_delete_source_screenshot_via_bulk_delete" time="0.154" /><testcase classname="backend.tests.test_iteration4_issues.TestCopyToSpecificFolder" name="test_copy_source_to_folder_image_type_check" time="0.329" /></testsuite></testsuites>