<?xml version="1.0" encoding="utf-8"?><testsuites name="pytest tests"><testsuite name="pytest" errors="0" failures="0" skipped="0" tests="10" time="2.255" timestamp="2026-03-14T19:56:01.235594+00:00" hostname="agent-env-16e803e7-b374-4df7-896a-e62701b37edb"><testcase classname="tests.test_new_features.TestFolderRename" name="test_rename_folder_success" time="0.360" /><testcase classname="tests.test_new_features.TestFolderRename" name="test_rename_nonexistent_folder" time="0.063" /><testcase classname="tests.test_new_features.TestMoveItems" name="test_move_image_to_folder" time="0.284" /><testcase classname="tests.test_new_features.TestMoveItems" name="test_move_image_to_root" time="0.131" /><testcase classname="tests.test_new_features.TestMoveItems" name="test_move_nonexistent_folder" time="0.051" /><testcase classname="tests.test_new_features.TestCopyItems" name="test_copy_image_success" time="0.277" /><testcase classname="tests.test_new_features.TestCopyItems" name="test_copy_multiple_images" time="0.183" /><testcase classname="tests.test_new_features.TestBulkDelete" name="test_bulk_delete_images" time="0.370" /><testcase classname="tests.test_new_features.TestBulkDelete" name="test_bulk_delete_folders" time="0.330" /><testcase classname="tests.test_new_features.TestBulkDelete" name="test_bulk_delete_mixed" time="0.180" /></testsuite></testsuites>