<?xml version="1.0" encoding="utf-8"?><testsuites name="pytest tests"><testsuite name="pytest" errors="0" failures="0" skipped="0" tests="20" time="2.949" timestamp="2026-03-14T19:22:32.992826+00:00" hostname="agent-env-16e803e7-b374-4df7-896a-e62701b37edb"><testcase classname="tests.test_api_full.TestHealthEndpoint" name="test_health_returns_200" time="0.340" /><testcase classname="tests.test_api_full.TestImageUpload" name="test_upload_image_success" time="0.129" /><testcase classname="tests.test_api_full.TestImageUpload" name="test_upload_with_data_uri_prefix" time="0.102" /><testcase classname="tests.test_api_full.TestImageUpload" name="test_upload_invalid_base64" time="0.062" /><testcase classname="tests.test_api_full.TestImageCRUD" name="test_get_image_metadata" time="0.151" /><testcase classname="tests.test_api_full.TestImageCRUD" name="test_get_image_file" time="0.147" /><testcase classname="tests.test_api_full.TestImageCRUD" name="test_list_images" time="0.157" /><testcase classname="tests.test_api_full.TestImageCRUD" name="test_list_images_filter_by_type" time="0.137" /><testcase classname="tests.test_api_full.TestImageCRUD" name="test_delete_image" time="0.209" /><testcase classname="tests.test_api_full.TestImageCRUD" name="test_get_nonexistent_image" time="0.071" /><testcase classname="tests.test_api_full.TestFolderCRUD" name="test_create_folder" time="0.073" /><testcase classname="tests.test_api_full.TestFolderCRUD" name="test_list_folders" time="0.078" /><testcase classname="tests.test_api_full.TestFolderCRUD" name="test_get_folder_detail" time="0.132" /><testcase classname="tests.test_api_full.TestFolderCRUD" name="test_delete_folder" time="0.198" /><testcase classname="tests.test_api_full.TestFolderCRUD" name="test_get_nonexistent_folder" time="0.064" /><testcase classname="tests.test_api_full.TestProcessEndpoint" name="test_process_even_markers_success" time="0.267" /><testcase classname="tests.test_api_full.TestProcessEndpoint" name="test_process_odd_markers_rejection" time="0.167" /><testcase classname="tests.test_api_full.TestProcessEndpoint" name="test_process_too_few_markers" time="0.170" /><testcase classname="tests.test_api_full.TestProcessEndpoint" name="test_process_nonexistent_image" time="0.064" /><testcase classname="tests.test_api_full.TestProcessEndpoint" name="test_process_with_six_markers" time="0.185" /></testsuite></testsuites>