<?xml version="1.0" encoding="utf-8"?><testsuites name="pytest tests"><testsuite name="pytest" errors="0" failures="0" skipped="0" tests="30" time="4.320" timestamp="2026-03-14T20:14:53.849972+00:00" hostname="agent-env-16e803e7-b374-4df7-896a-e62701b37edb"><testcase classname="tests.test_api_full.TestHealthEndpoint" name="test_health_returns_200" time="0.201" /><testcase classname="tests.test_api_full.TestImageUpload" name="test_upload_image_success" time="0.124" /><testcase classname="tests.test_api_full.TestImageUpload" name="test_upload_with_data_uri_prefix" time="0.090" /><testcase classname="tests.test_api_full.TestImageUpload" name="test_upload_invalid_base64" time="0.053" /><testcase classname="tests.test_api_full.TestImageCRUD" name="test_get_image_metadata" time="0.113" /><testcase classname="tests.test_api_full.TestImageCRUD" name="test_get_image_file" time="0.116" /><testcase classname="tests.test_api_full.TestImageCRUD" name="test_list_images" time="0.124" /><testcase classname="tests.test_api_full.TestImageCRUD" name="test_list_images_filter_by_type" time="0.112" /><testcase classname="tests.test_api_full.TestImageCRUD" name="test_delete_image" time="0.219" /><testcase classname="tests.test_api_full.TestImageCRUD" name="test_get_nonexistent_image" time="0.049" /><testcase classname="tests.test_api_full.TestFolderCRUD" name="test_create_folder" time="0.054" /><testcase classname="tests.test_api_full.TestFolderCRUD" name="test_list_folders" time="0.068" /><testcase classname="tests.test_api_full.TestFolderCRUD" name="test_get_folder_detail" time="0.114" /><testcase classname="tests.test_api_full.TestFolderCRUD" name="test_delete_folder" time="0.195" /><testcase classname="tests.test_api_full.TestFolderCRUD" name="test_get_nonexistent_folder" time="0.098" /><testcase classname="tests.test_api_full.TestProcessEndpoint" name="test_process_even_markers_success" time="0.249" /><testcase classname="tests.test_api_full.TestProcessEndpoint" name="test_process_odd_markers_rejection" time="0.245" /><testcase classname="tests.test_api_full.TestProcessEndpoint" name="test_process_too_few_markers" time="0.151" /><testcase classname="tests.test_api_full.TestProcessEndpoint" name="test_process_nonexistent_image" time="0.052" /><testcase classname="tests.test_api_full.TestProcessEndpoint" name="test_process_with_six_markers" time="0.148" /><testcase classname="tests.test_new_features.TestFolderRename" name="test_rename_folder_success" time="0.194" /><testcase classname="tests.test_new_features.TestFolderRename" name="test_rename_nonexistent_folder" time="0.053" /><testcase classname="tests.test_new_features.TestMoveItems" name="test_move_image_to_folder" time="0.225" /><testcase classname="tests.test_new_features.TestMoveItems" name="test_move_image_to_root" time="0.105" /><testcase classname="tests.test_new_features.TestMoveItems" name="test_move_nonexistent_folder" time="0.050" /><testcase classname="tests.test_new_features.TestCopyItems" name="test_copy_image_success" time="0.219" /><testcase classname="tests.test_new_features.TestCopyItems" name="test_copy_multiple_images" time="0.170" /><testcase classname="tests.test_new_features.TestBulkDelete" name="test_bulk_delete_images" time="0.269" /><testcase classname="tests.test_new_features.TestBulkDelete" name="test_bulk_delete_folders" time="0.255" /><testcase classname="tests.test_new_features.TestBulkDelete" name="test_bulk_delete_mixed" time="0.165" /></testsuite></testsuites>