<?xml version="1.0" encoding="utf-8"?><testsuites name="pytest tests"><testsuite name="pytest" errors="0" failures="0" skipped="0" tests="19" time="6.298" timestamp="2026-03-14T20:50:23.043359+00:00" hostname="agent-env-d934de1b-a7a6-49a8-bea5-6d4e33dd59db"><testcase classname="backend.tests.test_iteration4_issues.TestRenameImageAndFolder" name="test_rename_source_image" time="0.515" /><testcase classname="backend.tests.test_iteration4_issues.TestRenameImageAndFolder" name="test_rename_folder" time="0.303" /><testcase classname="backend.tests.test_iteration4_issues.TestRenameImageAndFolder" name="test_rename_nonexistent_image_returns_404" time="0.060" /><testcase classname="backend.tests.test_iteration4_issues.TestRenameImageAndFolder" name="test_rename_nonexistent_folder_returns_404" time="0.062" /><testcase classname="backend.tests.test_iteration4_issues.TestSingleItemDelete" name="test_delete_source_screenshot" time="0.283" /><testcase classname="backend.tests.test_iteration4_issues.TestSingleItemDelete" name="test_delete_single_folder" time="0.206" /><testcase classname="backend.tests.test_iteration4_issues.TestBulkDeleteMultiple" name="test_bulk_delete_multiple_images" time="0.432" /><testcase classname="backend.tests.test_iteration4_issues.TestBulkDeleteMultiple" name="test_bulk_delete_mixed_images_and_folders" time="0.601" /><testcase classname="backend.tests.test_iteration4_issues.TestCreateFolderThenDelete" name="test_create_empty_folder_and_delete" time="0.245" /><testcase classname="backend.tests.test_iteration4_issues.TestCreateFolderThenDelete" name="test_create_empty_folder_and_bulk_delete" time="0.187" /><testcase classname="backend.tests.test_iteration4_issues.TestPanelFolderOperations" name="test_rename_panel_image" time="0.327" /><testcase classname="backend.tests.test_iteration4_issues.TestPanelFolderOperations" name="test_delete_panels_from_folder" time="0.360" /><testcase classname="backend.tests.test_iteration4_issues.TestPanelFolderOperations" name="test_rename_folder_via_patch" time="0.303" /><testcase classname="backend.tests.test_iteration4_issues.TestPanelFolderOperations" name="test_delete_panel_folder_with_cascade" time="0.478" /><testcase classname="backend.tests.test_iteration4_issues.TestCopyToSpecificFolder" name="test_copy_source_image_to_specific_folder" time="0.391" /><testcase classname="backend.tests.test_iteration4_issues.TestCopyToSpecificFolder" name="test_copy_source_image_default_no_folder" time="0.280" /><testcase classname="backend.tests.test_iteration4_issues.TestCopyToSpecificFolder" name="test_copy_panel_between_folders" time="0.637" /><testcase classname="backend.tests.test_iteration4_issues.TestCopyToSpecificFolder" name="test_delete_source_screenshot_via_bulk_delete" time="0.190" /><testcase classname="backend.tests.test_iteration4_issues.TestCopyToSpecificFolder" name="test_copy_source_to_folder_image_type_check" time="0.377" /></testsuite></testsuites>